[2, 4, 5, 7, 1, 2, 3, 6]
p 0 q 3 r 7
n1 is:  4
n2 is:  4
[0, 0, 0, 0, 0] 5
[0, 0, 0, 0, 0] 5
[2, 4, 5, 7, inf]
[1, 2, 3, 6, inf]
p 0
r 7
[1, 2, 2, 3, 4, 5, 6, 6]
[2, 4, 5, 7, 1, 2, 3, 8]
p 0 q 3 r 7
n1 is:  4
n2 is:  4
[0, 0, 0, 0, 0] 5
[0, 0, 0, 0, 0] 5
[2, 4, 5, 7, inf]
[1, 2, 3, 8, inf]
p 0
r 7
[1, 2, 2, 3, 4, 5, 7, 8]
[2, 4, 5, 7, 1, 2, 3, 6]
p 0 q 3 r 7
n1 is:  4
n2 is:  4
[0, 0, 0, 0, 0] 5
[0, 0, 0, 0, 0] 5
[2, 4, 5, 7, inf]
[1, 2, 3, 6, inf]
p 0
r 7
[1, 2, 2, 3, 4, 5, 6, 6]
[2, 4, 5, 7, 1, 2, 3, 9]
p 0 q 3 r 7
n1 is:  4
n2 is:  4
[0, 0, 0, 0, 0] 5
[0, 0, 0, 0, 0] 5
[2, 4, 5, 7, inf]
[1, 2, 3, 9, inf]
p 0
r 7
[1, 2, 2, 3, 4, 5, 7, 9]
